[debug] [2025-01-03T11:51:49.801Z] ----------------------------------------------------------------------
[debug] [2025-01-03T11:51:49.803Z] Command:       C:\Program Files\nodejs\node.exe C:\Users\User\AppData\Roaming\npm\node_modules\firebase-tools\lib\bin\firebase.js init
[debug] [2025-01-03T11:51:49.803Z] CLI Version:   13.29.1
[debug] [2025-01-03T11:51:49.803Z] Platform:      win32
[debug] [2025-01-03T11:51:49.803Z] Node Version:  v20.11.1
[debug] [2025-01-03T11:51:49.803Z] Time:          Fri Jan 03 2025 03:51:49 GMT-0800 (Pacific Standard Time)
[debug] [2025-01-03T11:51:49.803Z] ----------------------------------------------------------------------
[debug] 
[debug] [2025-01-03T11:51:49.807Z] > command requires scopes: ["email","openid","https://www.googleapis.com/auth/cloudplatformprojects.readonly","https://www.googleapis.com/auth/firebase","https://www.googleapis.com/auth/cloud-platform"]
[debug] [2025-01-03T11:51:49.807Z] > authorizing via signed-in user (wooten00@gmail.com)
[info] 
     ######## #### ########  ######## ########     ###     ######  ########
     ##        ##  ##     ## ##       ##     ##  ##   ##  ##       ##
     ######    ##  ########  ######   ########  #########  ######  ######
     ##        ##  ##    ##  ##       ##     ## ##     ##       ## ##
     ##       #### ##     ## ######## ########  ##     ##  ######  ########

You're about to initialize a Firebase project in this directory:

  C:\Users\User\Documents\GitHub\thaliacandles

[info] 
=== Project Setup
[info] 
[info] First, let's associate this project directory with a Firebase project.
[info] You can create multiple project aliases by running firebase use --add, 
[info] but for now we'll just set up a default project.
[info] 
